#Timing report of worst 1 path(s)
# Unit scale: 1e-09 seconds
# Output precision: 3

#Path 1
Startpoint: z.inpad[0] (.input clocked by virtual_io_clock)
Endpoint  : out:o.outpad[0] (.output clocked by virtual_io_clock)
Path Type : hold

Point                                                                        Incr      Path
-------------------------------------------------------------------------------------------
clock virtual_io_clock (rise edge)                                          0.000     0.000
clock source latency                                                        0.000     0.000
input external delay                                                        0.000     0.000
z.inpad[0] (.input)                                                         0.000     0.000
$iopadmap$helloworldfpga.z.I_PAD_$inp[0] (BIDIR_CELL)                       0.000     0.000
$iopadmap$helloworldfpga.z.I_DAT[0] (BIDIR_CELL)                           10.153    10.153
o_LUT4_O.c_frag.BB1[0] (C_FRAG)                                             3.507    13.660
o_LUT4_O.c_frag.CZ[0] (C_FRAG)                                              1.418    15.078
$iopadmap$helloworldfpga.o.O_DAT[0] (BIDIR_CELL)                           11.184    26.262
$iopadmap$helloworldfpga.o.O_PAD_$out[0] (BIDIR_CELL)                       9.726    35.988
out:o.outpad[0] (.output)                                                   0.000    35.988
data arrival time                                                                    35.988

clock virtual_io_clock (rise edge)                                          0.000     0.000
clock source latency                                                        0.000     0.000
clock uncertainty                                                           0.000     0.000
output external delay                                                       0.000     0.000
data required time                                                                    0.000
-------------------------------------------------------------------------------------------
data required time                                                                   -0.000
data arrival time                                                                    35.988
-------------------------------------------------------------------------------------------
slack (MET)                                                                          35.988


#End of timing report
