#Timing report of worst 1 path(s)
# Unit scale: 1e-09 seconds
# Output precision: 3

#Path 1
Startpoint: x.inpad[0] (.input clocked by virtual_io_clock)
Endpoint  : out:o.outpad[0] (.output clocked by virtual_io_clock)
Path Type : setup

Point                                                                        Incr      Path
-------------------------------------------------------------------------------------------
clock virtual_io_clock (rise edge)                                          0.000     0.000
clock source latency                                                        0.000     0.000
input external delay                                                        0.000     0.000
x.inpad[0] (.input)                                                         0.000     0.000
$iopadmap$helloworldfpga.x.I_PAD_$inp[0] (BIDIR_CELL)                       0.000     0.000
$iopadmap$helloworldfpga.x.I_DAT[0] (BIDIR_CELL)                           10.958    10.958
o_LUT4_O.c_frag.TSL[0] (C_FRAG)                                            11.747    22.705
o_LUT4_O.c_frag.CZ[0] (C_FRAG)                                              1.593    24.298
$iopadmap$helloworldfpga.o.O_DAT[0] (BIDIR_CELL)                           11.184    35.482
$iopadmap$helloworldfpga.o.O_PAD_$out[0] (BIDIR_CELL)                       9.809    45.291
out:o.outpad[0] (.output)                                                   0.000    45.291
data arrival time                                                                    45.291

clock virtual_io_clock (rise edge)                                          0.000     0.000
clock source latency                                                        0.000     0.000
clock uncertainty                                                           0.000     0.000
output external delay                                                       0.000     0.000
data required time                                                                    0.000
-------------------------------------------------------------------------------------------
data required time                                                                    0.000
data arrival time                                                                   -45.291
-------------------------------------------------------------------------------------------
slack (VIOLATED)                                                                    -45.291


#End of timing report
